<?xml version="1.0" encoding="UTF-8"?>
<!-- Generated by org.testng.reporters.JUnitReportReporter -->
<testsuite hostname="Jaise" name="PAKnSAVE.LogInPageTest" tests="1" failures="0" timestamp="12 Nov 2019 03:41:04 GMT" time="17.646" errors="0">
  <testcase name="loginPageNavigation" time="17.646" classname="PAKnSAVE.LogInPageTest"/>
</testsuite> <!-- PAKnSAVE.LogInPageTest -->
