<?xml version="1.0" encoding="UTF-8"?>
<!-- Generated by org.testng.reporters.JUnitReportReporter -->
<testsuite hostname="Jaise" name="PAKnSAVE.LogInPage" tests="1" failures="0" timestamp="12 Nov 2019 02:55:25 GMT" time="6.150" errors="0">
  <testcase name="loginPageNavigation" time="6.150" classname="PAKnSAVE.LogInPage"/>
</testsuite> <!-- PAKnSAVE.LogInPage -->
